<?xml version="1.0" encoding="UTF-8"?>
<!-- Generated by org.testng.reporters.JUnitReportReporter -->
<testsuite hostname="LAPTOP-UCGO14RO" failures="0" tests="3" name="org.testng.ClassA" time="5.702" errors="0" timestamp="2024-12-18T17:41:25 IST" skipped="0">
  <testcase classname="org.testng.ClassA" name="tc1" time="0.002"/>
  <testcase classname="org.testng.ClassA" name="tc2" time="0.269"/>
  <testcase classname="org.testng.ClassA" name="execute" time="5.431"/>
</testsuite> <!-- org.testng.ClassA -->
