<?xml version="1.0" encoding="UTF-8"?>
<!-- Generated by org.testng.reporters.JUnitReportReporter -->
<testsuite hostname="LAPTOP-UCGO14RO" failures="0" tests="1" name="org.testng.ClassB" time="0.017" errors="0" timestamp="18 Dec 2024 12:06:57 GMT" skipped="0">
  <testcase classname="org.testng.ClassB" name="tc22" time="0.017"/>
</testsuite> <!-- org.testng.ClassB -->
